# JRE version: Java(TM) SE Runtime Environment (8.0_161-b12) (build 1.8.0_161-b12)
# Java VM: Java HotSpot(TM) 64-Bit Server VM (25.161-b12 mixed mode linux-amd64 compressed oops)
Heap:
 PSYoungGen      total 135680K, used 7339K [0x00000000d7100000, 0x00000000e0000000, 0x0000000100000000)
  eden space 125952K, 0% used [0x00000000d7100000,0x00000000d7100000,0x00000000dec00000)
  from space 9728K, 75% used [0x00000000dec00000,0x00000000df32ac68,0x00000000df580000)
  to   space 8704K, 0% used [0x00000000df580000,0x00000000df580000,0x00000000dfe00000)
 ParOldGen       total 56832K, used 8596K [0x0000000085200000, 0x0000000088980000, 0x00000000d7100000)
  object space 56832K, 15% used [0x0000000085200000,0x0000000085a65350,0x0000000088980000)
 Metaspace       used 25520K, capacity 25862K, committed 26112K, reserved 1073152K
  class space    used 3164K, capacity 3268K, committed 3328K, reserved 1048576K
GC Heap History (10 events):
Event: 1.829 GC heap after
Heap after GC invocations=3 (full 0):
 PSYoungGen      total 36864K, used 5093K [0x00000000d7100000, 0x00000000db900000, 0x0000000100000000)
  eden space 31744K, 0% used [0x00000000d7100000,0x00000000d7100000,0x00000000d9000000)
  from space 5120K, 99% used [0x00000000d9000000,0x00000000d94f9728,0x00000000d9500000)
  to   space 5120K, 0% used [0x00000000db400000,0x00000000db400000,0x00000000db900000)
 ParOldGen       total 84992K, used 24K [0x0000000085200000, 0x000000008a500000, 0x00000000d7100000)
  object space 84992K, 0% used [0x0000000085200000,0x0000000085206000,0x000000008a500000)
 Metaspace       used 11008K, capacity 11172K, committed 11392K, reserved 1058816K
  class space    used 1349K, capacity 1401K, committed 1408K, reserved 1048576K
}
Event: 2.369 GC heap before
{Heap before GC invocations=4 (full 0):
 PSYoungGen      total 36864K, used 36837K [0x00000000d7100000, 0x00000000db900000, 0x0000000100000000)
  eden space 31744K, 100% used [0x00000000d7100000,0x00000000d9000000,0x00000000d9000000)
  from space 5120K, 99% used [0x00000000d9000000,0x00000000d94f9728,0x00000000d9500000)
  to   space 5120K, 0% used [0x00000000db400000,0x00000000db400000,0x00000000db900000)
 ParOldGen       total 84992K, used 24K [0x0000000085200000, 0x000000008a500000, 0x00000000d7100000)
  object space 84992K, 0% used [0x0000000085200000,0x0000000085206000,0x000000008a500000)
 Metaspace       used 15359K, capacity 15506K, committed 15744K, reserved 1062912K
  class space    used 1859K, capacity 1894K, committed 1920K, reserved 1048576K
Event: 2.420 GC heap after
Heap after GC invocations=4 (full 0):
 PSYoungGen      total 68608K, used 5106K [0x00000000d7100000, 0x00000000db900000, 0x0000000100000000)
  eden space 63488K, 0% used [0x00000000d7100000,0x00000000d7100000,0x00000000daf00000)
  from space 5120K, 99% used [0x00000000db400000,0x00000000db8fc978,0x00000000db900000)
  to   space 5120K, 0% used [0x00000000daf00000,0x00000000daf00000,0x00000000db400000)
 ParOldGen       total 84992K, used 1276K [0x0000000085200000, 0x000000008a500000, 0x00000000d7100000)
  object space 84992K, 1% used [0x0000000085200000,0x000000008533f1f8,0x000000008a500000)
 Metaspace       used 15359K, capacity 15506K, committed 15744K, reserved 1062912K
  class space    used 1859K, capacity 1894K, committed 1920K, reserved 1048576K
}
Event: 3.574 GC heap before
{Heap before GC invocations=5 (full 0):
 PSYoungGen      total 68608K, used 68594K [0x00000000d7100000, 0x00000000db900000, 0x0000000100000000)
  eden space 63488K, 100% used [0x00000000d7100000,0x00000000daf00000,0x00000000daf00000)
  from space 5120K, 99% used [0x00000000db400000,0x00000000db8fc978,0x00000000db900000)
  to   space 5120K, 0% used [0x00000000daf00000,0x00000000daf00000,0x00000000db400000)
 ParOldGen       total 84992K, used 1276K [0x0000000085200000, 0x000000008a500000, 0x00000000d7100000)
  object space 84992K, 1% used [0x0000000085200000,0x000000008533f1f8,0x000000008a500000)
 Metaspace       used 19561K, capacity 19910K, committed 20224K, reserved 1067008K
  class space    used 2367K, capacity 2476K, committed 2560K, reserved 1048576K
Event: 3.588 GC heap after
Heap after GC invocations=5 (full 0):
 PSYoungGen      total 68608K, used 5088K [0x00000000d7100000, 0x00000000dfe00000, 0x0000000100000000)
  eden space 63488K, 0% used [0x00000000d7100000,0x00000000d7100000,0x00000000daf00000)
  from space 5120K, 99% used [0x00000000daf00000,0x00000000db3f8020,0x00000000db400000)
  to   space 8704K, 0% used [0x00000000df580000,0x00000000df580000,0x00000000dfe00000)
 ParOldGen       total 84992K, used 4088K [0x0000000085200000, 0x000000008a500000, 0x00000000d7100000)
  object space 84992K, 4% used [0x0000000085200000,0x00000000855fe380,0x000000008a500000)
 Metaspace       used 19561K, capacity 19910K, committed 20224K, reserved 1067008K
  class space    used 2367K, capacity 2476K, committed 2560K, reserved 1048576K
}
Event: 4.182 GC heap before
{Heap before GC invocations=6 (full 0):
 PSYoungGen      total 68608K, used 63160K [0x00000000d7100000, 0x00000000dfe00000, 0x0000000100000000)
  eden space 63488K, 91% used [0x00000000d7100000,0x00000000da9b6138,0x00000000daf00000)
  from space 5120K, 99% used [0x00000000daf00000,0x00000000db3f8020,0x00000000db400000)
  to   space 8704K, 0% used [0x00000000df580000,0x00000000df580000,0x00000000dfe00000)
 ParOldGen       total 84992K, used 4088K [0x0000000085200000, 0x000000008a500000, 0x00000000d7100000)
  object space 84992K, 4% used [0x0000000085200000,0x00000000855fe380,0x000000008a500000)
 Metaspace       used 20845K, capacity 21110K, committed 21296K, reserved 1069056K
  class space    used 2532K, capacity 2612K, committed 2688K, reserved 1048576K
Event: 4.198 GC heap after
Heap after GC invocations=6 (full 0):
 PSYoungGen      total 134656K, used 8274K [0x00000000d7100000, 0x00000000e0000000, 0x0000000100000000)
  eden space 125952K, 0% used [0x00000000d7100000,0x00000000d7100000,0x00000000dec00000)
  from space 8704K, 95% used [0x00000000df580000,0x00000000dfd94930,0x00000000dfe00000)
  to   space 9728K, 0% used [0x00000000dec00000,0x00000000dec00000,0x00000000df580000)
 ParOldGen       total 84992K, used 4096K [0x0000000085200000, 0x000000008a500000, 0x00000000d7100000)
  object space 84992K, 4% used [0x0000000085200000,0x0000000085600380,0x000000008a500000)
 Metaspace       used 20845K, capacity 21110K, committed 21296K, reserved 1069056K
  class space    used 2532K, capacity 2612K, committed 2688K, reserved 1048576K
}
Event: 4.198 GC heap before
{Heap before GC invocations=7 (full 1):
 PSYoungGen      total 134656K, used 8274K [0x00000000d7100000, 0x00000000e0000000, 0x0000000100000000)
  eden space 125952K, 0% used [0x00000000d7100000,0x00000000d7100000,0x00000000dec00000)
  from space 8704K, 95% used [0x00000000df580000,0x00000000dfd94930,0x00000000dfe00000)
  to   space 9728K, 0% used [0x00000000dec00000,0x00000000dec00000,0x00000000df580000)
 ParOldGen       total 84992K, used 4096K [0x0000000085200000, 0x000000008a500000, 0x00000000d7100000)
  object space 84992K, 4% used [0x0000000085200000,0x0000000085600380,0x000000008a500000)
 Metaspace       used 20845K, capacity 21110K, committed 21296K, reserved 1069056K
  class space    used 2532K, capacity 2612K, committed 2688K, reserved 1048576K
Event: 4.282 GC heap after
Heap after GC invocations=7 (full 1):
 PSYoungGen      total 134656K, used 0K [0x00000000d7100000, 0x00000000e0000000, 0x0000000100000000)
  eden space 125952K, 0% used [0x00000000d7100000,0x00000000d7100000,0x00000000dec00000)
  from space 8704K, 0% used [0x00000000df580000,0x00000000df580000,0x00000000dfe00000)
  to   space 9728K, 0% used [0x00000000dec00000,0x00000000dec00000,0x00000000df580000)
 ParOldGen       total 56832K, used 8596K [0x0000000085200000, 0x0000000088980000, 0x00000000d7100000)
  object space 56832K, 15% used [0x0000000085200000,0x0000000085a65350,0x0000000088980000)
 Metaspace       used 20845K, capacity 21110K, committed 21296K, reserved 1069056K
  class space    used 2532K, capacity 2612K, committed 2688K, reserved 1048576K
}
Event: 6.613 GC heap before
{Heap before GC invocations=8 (full 1):
 PSYoungGen      total 134656K, used 125952K [0x00000000d7100000, 0x00000000e0000000, 0x0000000100000000)
  eden space 125952K, 100% used [0x00000000d7100000,0x00000000dec00000,0x00000000dec00000)
  from space 8704K, 0% used [0x00000000df580000,0x00000000df580000,0x00000000dfe00000)
  to   space 9728K, 0% used [0x00000000dec00000,0x00000000dec00000,0x00000000df580000)
 ParOldGen       total 56832K, used 8596K [0x0000000085200000, 0x0000000088980000, 0x00000000d7100000)
  object space 56832K, 15% used [0x0000000085200000,0x0000000085a65350,0x0000000088980000)
 Metaspace       used 25520K, capacity 25862K, committed 26112K, reserved 1073152K
  class space    used 3164K, capacity 3268K, committed 3328K, reserved 1048576K

